<?xml version="1.0" encoding="UTF-8"?>
<!-- Generated by org.testng.reporters.JUnitReportReporter -->
<testsuite skipped="0" hostname="Tyss-SR-021" name="scripts.TC002" tests="1" failures="0" timestamp="2020-06-12T13:36:29 IST" time="24.019" errors="0">
  <testcase name="loginPageElementsCheck" time="24.019" classname="scripts.TC002"/>
  <system-out/>
</testsuite> <!-- scripts.TC002 -->
